Manual Bed Calibration Wizard Initiated
Homing Z - Fast
Moving to start Z height
Measuring point 1/256 (16 times)
Measuring point 2/256 (16 times)
Measuring point 3/256 (16 times)
Measuring point 4/256 (16 times)
Measuring point 5/256 (16 times)
Measuring point 6/256 (16 times)
Measuring point 7/256 (16 times)
Measuring point 8/256 (16 times)
Measuring point 9/256 (16 times)
Measuring point 10/256 (16 times)
Measuring point 11/256 (16 times)
Measuring point 12/256 (16 times)
Measuring point 13/256 (16 times)
Measuring point 14/256 (16 times)
Measuring point 15/256 (16 times)
Measuring point 16/256 (16 times)
Measuring point 17/256 (16 times)
Measuring point 18/256 (16 times)
Measuring point 19/256 (16 times)
Measuring point 20/256 (16 times)
Measuring point 21/256 (16 times)
Measuring point 22/256 (16 times)
Measuring point 23/256 (16 times)
Measuring point 24/256 (16 times)
Measuring point 25/256 (16 times)
Measuring point 26/256 (16 times)
Measuring point 27/256 (16 times)
Measuring point 28/256 (16 times)
Measuring point 29/256 (16 times)
Measuring point 30/256 (16 times)
Measuring point 31/256 (16 times)
Measuring point 32/256 (16 times)
Measuring point 33/256 (16 times)
Measuring point 34/256 (16 times)
Measuring point 35/256 (16 times)
Measuring point 36/256 (16 times)
Measuring point 37/256 (16 times)
Measuring point 38/256 (16 times)
Measuring point 39/256 (16 times)
Measuring point 40/256 (16 times)
Measuring point 41/256 (16 times)
Measuring point 42/256 (16 times)
Measuring point 43/256 (16 times)
Measuring point 44/256 (16 times)
Measuring point 45/256 (16 times)
Measuring point 46/256 (16 times)
Measuring point 47/256 (16 times)
Measuring point 48/256 (16 times)
Measuring point 49/256 (16 times)
Measuring point 50/256 (16 times)
Measuring point 51/256 (16 times)
Measuring point 52/256 (16 times)
Measuring point 53/256 (16 times)
Measuring point 54/256 (16 times)
Measuring point 55/256 (16 times)
Measuring point 56/256 (16 times)
Measuring point 57/256 (16 times)
Measuring point 58/256 (16 times)
Measuring point 59/256 (16 times)
Measuring point 60/256 (16 times)
Measuring point 61/256 (16 times)
Measuring point 62/256 (16 times)
Measuring point 63/256 (16 times)
Measuring point 64/256 (16 times)
Measuring point 65/256 (16 times)
Measuring point 66/256 (16 times)
Measuring point 67/256 (16 times)
Measuring point 68/256 (16 times)
Measuring point 69/256 (16 times)
Measuring point 70/256 (16 times)
Measuring point 71/256 (16 times)
Measuring point 72/256 (16 times)
Measuring point 73/256 (16 times)
Measuring point 74/256 (16 times)
Measuring point 75/256 (16 times)
Measuring point 76/256 (16 times)
Measuring point 77/256 (16 times)
Measuring point 78/256 (16 times)
Measuring point 79/256 (16 times)
Measuring point 80/256 (16 times)
Measuring point 81/256 (16 times)
Measuring point 82/256 (16 times)
Measuring point 83/256 (16 times)
Measuring point 84/256 (16 times)
Measuring point 85/256 (16 times)
Measuring point 86/256 (16 times)
Measuring point 87/256 (16 times)
Measuring point 88/256 (16 times)
Measuring point 89/256 (16 times)
Measuring point 90/256 (16 times)
Measuring point 91/256 (16 times)
Measuring point 92/256 (16 times)
Measuring point 93/256 (16 times)
Measuring point 94/256 (16 times)
Measuring point 95/256 (16 times)
Measuring point 96/256 (16 times)
Measuring point 97/256 (16 times)
Measuring point 98/256 (16 times)
Measuring point 99/256 (16 times)
Measuring point 100/256 (16 times)
Measuring point 101/256 (16 times)
Measuring point 102/256 (16 times)
Measuring point 103/256 (16 times)
Measuring point 104/256 (16 times)
Measuring point 105/256 (16 times)
Measuring point 106/256 (16 times)
Measuring point 107/256 (16 times)
Measuring point 108/256 (16 times)
Measuring point 109/256 (16 times)
Measuring point 110/256 (16 times)
Measuring point 111/256 (16 times)
Measuring point 112/256 (16 times)
Measuring point 113/256 (16 times)
Measuring point 114/256 (16 times)
Measuring point 115/256 (16 times)
Measuring point 116/256 (16 times)
Measuring point 117/256 (16 times)
Measuring point 118/256 (16 times)
Measuring point 119/256 (16 times)
Measuring point 120/256 (16 times)
Measuring point 121/256 (16 times)
Measuring point 122/256 (16 times)
Measuring point 123/256 (16 times)
Measuring point 124/256 (16 times)
Measuring point 125/256 (16 times)
Measuring point 126/256 (16 times)
Measuring point 127/256 (16 times)
Measuring point 128/256 (16 times)
Measuring point 129/256 (16 times)
Measuring point 130/256 (16 times)
Measuring point 131/256 (16 times)
Measuring point 132/256 (16 times)
Measuring point 133/256 (16 times)
Measuring point 134/256 (16 times)
Measuring point 135/256 (16 times)
Measuring point 136/256 (16 times)
Measuring point 137/256 (16 times)
Measuring point 138/256 (16 times)
Measuring point 139/256 (16 times)
Measuring point 140/256 (16 times)
Measuring point 141/256 (16 times)
Measuring point 142/256 (16 times)
Measuring point 143/256 (16 times)
Measuring point 144/256 (16 times)
Measuring point 145/256 (16 times)
Measuring point 146/256 (16 times)
Measuring point 147/256 (16 times)
Measuring point 148/256 (16 times)
Measuring point 149/256 (16 times)
Measuring point 150/256 (16 times)
Measuring point 151/256 (16 times)
Measuring point 152/256 (16 times)
Measuring point 153/256 (16 times)
Measuring point 154/256 (16 times)
Measuring point 155/256 (16 times)
Measuring point 156/256 (16 times)
Measuring point 157/256 (16 times)
Measuring point 158/256 (16 times)
Measuring point 159/256 (16 times)
Measuring point 160/256 (16 times)
Measuring point 161/256 (16 times)
Measuring point 162/256 (16 times)
Measuring point 163/256 (16 times)
Measuring point 164/256 (16 times)
Measuring point 165/256 (16 times)
Measuring point 166/256 (16 times)
Measuring point 167/256 (16 times)
Measuring point 168/256 (16 times)
Measuring point 169/256 (16 times)
Measuring point 170/256 (16 times)
Measuring point 171/256 (16 times)
Measuring point 172/256 (16 times)
Measuring point 173/256 (16 times)
Measuring point 174/256 (16 times)
Measuring point 175/256 (16 times)
Measuring point 176/256 (16 times)
Measuring point 177/256 (16 times)
Measuring point 178/256 (16 times)
Measuring point 179/256 (16 times)
Measuring point 180/256 (16 times)
Measuring point 181/256 (16 times)
Measuring point 182/256 (16 times)
Measuring point 183/256 (16 times)
Measuring point 184/256 (16 times)
Measuring point 185/256 (16 times)
Measuring point 186/256 (16 times)
Measuring point 187/256 (16 times)
Measuring point 188/256 (16 times)
Measuring point 189/256 (16 times)
Measuring point 190/256 (16 times)
Measuring point 191/256 (16 times)
Measuring point 192/256 (16 times)
Measuring point 193/256 (16 times)
Measuring point 194/256 (16 times)
Measuring point 195/256 (16 times)
Measuring point 196/256 (16 times)
Measuring point 197/256 (16 times)
Measuring point 198/256 (16 times)
Measuring point 199/256 (16 times)
Measuring point 200/256 (16 times)
Measuring point 201/256 (16 times)
Measuring point 202/256 (16 times)
Measuring point 203/256 (16 times)
Measuring point 204/256 (16 times)
Measuring point 205/256 (16 times)
Measuring point 206/256 (16 times)
Measuring point 207/256 (16 times)
Measuring point 208/256 (16 times)
Measuring point 209/256 (16 times)
Measuring point 210/256 (16 times)
Measuring point 211/256 (16 times)
Measuring point 212/256 (16 times)
Measuring point 213/256 (16 times)
Measuring point 214/256 (16 times)
Measuring point 215/256 (16 times)
Measuring point 216/256 (16 times)
Measuring point 217/256 (16 times)
Measuring point 218/256 (16 times)
Measuring point 219/256 (16 times)
Measuring point 220/256 (16 times)
Measuring point 221/256 (16 times)
Measuring point 222/256 (16 times)
Measuring point 223/256 (16 times)
Measuring point 224/256 (16 times)
Measuring point 225/256 (16 times)
Measuring point 226/256 (16 times)
Measuring point 227/256 (16 times)
Measuring point 228/256 (16 times)
Measuring point 229/256 (16 times)
Measuring point 230/256 (16 times)
Measuring point 231/256 (16 times)
Measuring point 232/256 (16 times)
Measuring point 233/256 (16 times)
Measuring point 234/256 (16 times)
Measuring point 235/256 (16 times)
Measuring point 236/256 (16 times)
Measuring point 237/256 (16 times)
Measuring point 238/256 (16 times)
Measuring point 239/256 (16 times)
Measuring point 240/256 (16 times)
Measuring point 241/256 (16 times)
Measuring point 242/256 (16 times)
Measuring point 243/256 (16 times)
Measuring point 244/256 (16 times)
Measuring point 245/256 (16 times)
Measuring point 246/256 (16 times)
Measuring point 247/256 (16 times)
Measuring point 248/256 (16 times)
Measuring point 249/256 (16 times)
Measuring point 250/256 (16 times)
Measuring point 251/256 (16 times)
Measuring point 252/256 (16 times)
Measuring point 253/256 (16 times)
Measuring point 254/256 (16 times)
Measuring point 255/256 (16 times)
Measuring point 256/256 (16 times)
Done!
