Manual Bed Calibration Wizard Initiated
Homing Z - Fast
Moving to start Z height
Measuring point 1/18496 (16 times)
Measuring point 2/18496 (16 times)
Measuring point 3/18496 (16 times)
Measuring point 4/18496 (16 times)
Measuring point 5/18496 (16 times)
Measuring point 6/18496 (16 times)
Measuring point 7/18496 (16 times)
Measuring point 8/18496 (16 times)
Measuring point 9/18496 (16 times)
Measuring point 10/18496 (16 times)
Measuring point 11/18496 (16 times)
Measuring point 12/18496 (16 times)
Measuring point 13/18496 (16 times)
Measuring point 14/18496 (16 times)
Measuring point 15/18496 (16 times)
Measuring point 16/18496 (16 times)
Measuring point 17/18496 (16 times)
Measuring point 18/18496 (16 times)
Measuring point 19/18496 (16 times)
Measuring point 20/18496 (16 times)
Measuring point 21/18496 (16 times)
Measuring point 22/18496 (16 times)
Measuring point 23/18496 (16 times)
Measuring point 24/18496 (16 times)
Measuring point 25/18496 (16 times)
Measuring point 26/18496 (16 times)
Measuring point 27/18496 (16 times)
Measuring point 28/18496 (16 times)
Measuring point 29/18496 (16 times)
Measuring point 30/18496 (16 times)
Measuring point 31/18496 (16 times)
Measuring point 32/18496 (16 times)
Measuring point 33/18496 (16 times)
Measuring point 34/18496 (16 times)
Measuring point 35/18496 (16 times)
Measuring point 36/18496 (16 times)
Measuring point 37/18496 (16 times)
Measuring point 38/18496 (16 times)
Measuring point 39/18496 (16 times)
Measuring point 40/18496 (16 times)
Measuring point 41/18496 (16 times)
Measuring point 42/18496 (16 times)
Measuring point 43/18496 (16 times)
Measuring point 44/18496 (16 times)
Measuring point 45/18496 (16 times)
Measuring point 46/18496 (16 times)
Measuring point 47/18496 (16 times)
Measuring point 48/18496 (16 times)
Measuring point 49/18496 (16 times)
Measuring point 50/18496 (16 times)
Measuring point 51/18496 (16 times)
Measuring point 52/18496 (16 times)
Measuring point 53/18496 (16 times)
Measuring point 54/18496 (16 times)
Measuring point 55/18496 (16 times)
Measuring point 56/18496 (16 times)
Measuring point 57/18496 (16 times)
Measuring point 58/18496 (16 times)
Measuring point 59/18496 (16 times)
Measuring point 60/18496 (16 times)
Measuring point 61/18496 (16 times)
Measuring point 62/18496 (16 times)
Measuring point 63/18496 (16 times)
Measuring point 64/18496 (16 times)
Measuring point 65/18496 (16 times)
Measuring point 66/18496 (16 times)
Measuring point 67/18496 (16 times)
Measuring point 68/18496 (16 times)
Measuring point 69/18496 (16 times)
Measuring point 70/18496 (16 times)
Measuring point 71/18496 (16 times)
Measuring point 72/18496 (16 times)
Measuring point 73/18496 (16 times)
Measuring point 74/18496 (16 times)
Measuring point 75/18496 (16 times)
Measuring point 76/18496 (16 times)
Measuring point 77/18496 (16 times)
Measuring point 78/18496 (16 times)
Measuring point 79/18496 (16 times)
Measuring point 80/18496 (16 times)
Measuring point 81/18496 (16 times)
Measuring point 82/18496 (16 times)
Measuring point 83/18496 (16 times)
Measuring point 84/18496 (16 times)
Measuring point 85/18496 (16 times)
Measuring point 86/18496 (16 times)
Measuring point 87/18496 (16 times)
Measuring point 88/18496 (16 times)
Measuring point 89/18496 (16 times)
Measuring point 90/18496 (16 times)
Measuring point 91/18496 (16 times)
Measuring point 92/18496 (16 times)
Measuring point 93/18496 (16 times)
Measuring point 94/18496 (16 times)
Measuring point 95/18496 (16 times)
Measuring point 96/18496 (16 times)
Measuring point 97/18496 (16 times)
Measuring point 98/18496 (16 times)
Measuring point 99/18496 (16 times)
Measuring point 100/18496 (16 times)
Measuring point 101/18496 (16 times)
Measuring point 102/18496 (16 times)
Measuring point 103/18496 (16 times)
Measuring point 104/18496 (16 times)
Measuring point 105/18496 (16 times)
Measuring point 106/18496 (16 times)
Measuring point 107/18496 (16 times)
Measuring point 108/18496 (16 times)
Measuring point 109/18496 (16 times)
Measuring point 110/18496 (16 times)
Measuring point 111/18496 (16 times)
Measuring point 112/18496 (16 times)
Measuring point 113/18496 (16 times)
Measuring point 114/18496 (16 times)
Measuring point 115/18496 (16 times)
Measuring point 116/18496 (16 times)
Measuring point 117/18496 (16 times)
Measuring point 118/18496 (16 times)
Measuring point 119/18496 (16 times)
Measuring point 120/18496 (16 times)
Measuring point 121/18496 (16 times)
Measuring point 122/18496 (16 times)
Measuring point 123/18496 (16 times)
Measuring point 124/18496 (16 times)
Measuring point 125/18496 (16 times)
Measuring point 126/18496 (16 times)
Measuring point 127/18496 (16 times)
Measuring point 128/18496 (16 times)
Measuring point 129/18496 (16 times)
Measuring point 130/18496 (16 times)
Measuring point 131/18496 (16 times)
Measuring point 132/18496 (16 times)
Measuring point 133/18496 (16 times)
Measuring point 134/18496 (16 times)
Measuring point 135/18496 (16 times)
Measuring point 136/18496 (16 times)
Measuring point 137/18496 (16 times)
Measuring point 138/18496 (16 times)
Measuring point 139/18496 (16 times)
Measuring point 140/18496 (16 times)
Measuring point 141/18496 (16 times)
Measuring point 142/18496 (16 times)
Measuring point 143/18496 (16 times)
Measuring point 144/18496 (16 times)
Measuring point 145/18496 (16 times)
Measuring point 146/18496 (16 times)
Measuring point 147/18496 (16 times)
Measuring point 148/18496 (16 times)
Measuring point 149/18496 (16 times)
Measuring point 150/18496 (16 times)
Measuring point 151/18496 (16 times)
Measuring point 152/18496 (16 times)
Measuring point 153/18496 (16 times)
Measuring point 154/18496 (16 times)
Measuring point 155/18496 (16 times)
Measuring point 156/18496 (16 times)
Measuring point 157/18496 (16 times)
Measuring point 158/18496 (16 times)
Measuring point 159/18496 (16 times)
Measuring point 160/18496 (16 times)
Measuring point 161/18496 (16 times)
Measuring point 162/18496 (16 times)
Measuring point 163/18496 (16 times)
Measuring point 164/18496 (16 times)
Measuring point 165/18496 (16 times)
Measuring point 166/18496 (16 times)
Measuring point 167/18496 (16 times)
Measuring point 168/18496 (16 times)
Measuring point 169/18496 (16 times)
Measuring point 170/18496 (16 times)
Measuring point 171/18496 (16 times)
Measuring point 172/18496 (16 times)
Measuring point 173/18496 (16 times)
Measuring point 174/18496 (16 times)
Measuring point 175/18496 (16 times)
Measuring point 176/18496 (16 times)
Measuring point 177/18496 (16 times)
Measuring point 178/18496 (16 times)
Measuring point 179/18496 (16 times)
Measuring point 180/18496 (16 times)
Measuring point 181/18496 (16 times)
Measuring point 182/18496 (16 times)
Measuring point 183/18496 (16 times)
Measuring point 184/18496 (16 times)
Measuring point 185/18496 (16 times)
Measuring point 186/18496 (16 times)
Measuring point 187/18496 (16 times)
Measuring point 188/18496 (16 times)
Measuring point 189/18496 (16 times)
Measuring point 190/18496 (16 times)
Measuring point 191/18496 (16 times)
Measuring point 192/18496 (16 times)
Measuring point 193/18496 (16 times)
Measuring point 194/18496 (16 times)
Measuring point 195/18496 (16 times)
Measuring point 196/18496 (16 times)
Measuring point 197/18496 (16 times)
Measuring point 198/18496 (16 times)
Measuring point 199/18496 (16 times)
Measuring point 200/18496 (16 times)
Measuring point 201/18496 (16 times)
Measuring point 202/18496 (16 times)
Measuring point 203/18496 (16 times)
Measuring point 204/18496 (16 times)
Measuring point 205/18496 (16 times)
Measuring point 206/18496 (16 times)
Measuring point 207/18496 (16 times)
Measuring point 208/18496 (16 times)
Measuring point 209/18496 (16 times)
Measuring point 210/18496 (16 times)
Measuring point 211/18496 (16 times)
Measuring point 212/18496 (16 times)
Measuring point 213/18496 (16 times)
Measuring point 214/18496 (16 times)
Measuring point 215/18496 (16 times)
Measuring point 216/18496 (16 times)
Measuring point 217/18496 (16 times)
Measuring point 218/18496 (16 times)
Measuring point 219/18496 (16 times)
Measuring point 220/18496 (16 times)
Measuring point 221/18496 (16 times)
Measuring point 222/18496 (16 times)
Measuring point 223/18496 (16 times)
Measuring point 224/18496 (16 times)
Measuring point 225/18496 (16 times)
Measuring point 226/18496 (16 times)
Measuring point 227/18496 (16 times)
Measuring point 228/18496 (16 times)
Measuring point 229/18496 (16 times)
Measuring point 230/18496 (16 times)
Measuring point 231/18496 (16 times)
Measuring point 232/18496 (16 times)
Measuring point 233/18496 (16 times)
Measuring point 234/18496 (16 times)
Measuring point 235/18496 (16 times)
Measuring point 236/18496 (16 times)
Measuring point 237/18496 (16 times)
Measuring point 238/18496 (16 times)
Measuring point 239/18496 (16 times)
Measuring point 240/18496 (16 times)
Measuring point 241/18496 (16 times)
Measuring point 242/18496 (16 times)
Measuring point 243/18496 (16 times)
Measuring point 244/18496 (16 times)
Measuring point 245/18496 (16 times)
Measuring point 246/18496 (16 times)
Measuring point 247/18496 (16 times)
Measuring point 248/18496 (16 times)
Measuring point 249/18496 (16 times)
Measuring point 250/18496 (16 times)
Measuring point 251/18496 (16 times)
Measuring point 252/18496 (16 times)
Measuring point 253/18496 (16 times)
Measuring point 254/18496 (16 times)
Measuring point 255/18496 (16 times)
Measuring point 256/18496 (16 times)
Measuring point 257/18496 (16 times)
Measuring point 258/18496 (16 times)
Measuring point 259/18496 (16 times)
Measuring point 260/18496 (16 times)
Measuring point 261/18496 (16 times)
Measuring point 262/18496 (16 times)
Measuring point 263/18496 (16 times)
Measuring point 264/18496 (16 times)
Measuring point 265/18496 (16 times)
Measuring point 266/18496 (16 times)
Measuring point 267/18496 (16 times)
Measuring point 268/18496 (16 times)
Measuring point 269/18496 (16 times)
Measuring point 270/18496 (16 times)
Measuring point 271/18496 (16 times)
Measuring point 272/18496 (16 times)
Measuring point 273/18496 (16 times)
Measuring point 274/18496 (16 times)
Measuring point 275/18496 (16 times)
Measuring point 276/18496 (16 times)
Measuring point 277/18496 (16 times)
Measuring point 278/18496 (16 times)
Measuring point 279/18496 (16 times)
Measuring point 280/18496 (16 times)
Measuring point 281/18496 (16 times)
Measuring point 282/18496 (16 times)
Measuring point 283/18496 (16 times)
Measuring point 284/18496 (16 times)
Measuring point 285/18496 (16 times)
Measuring point 286/18496 (16 times)
Measuring point 287/18496 (16 times)
Measuring point 288/18496 (16 times)
Measuring point 289/18496 (16 times)
Measuring point 290/18496 (16 times)
Measuring point 291/18496 (16 times)
Measuring point 292/18496 (16 times)
Measuring point 293/18496 (16 times)
Measuring point 294/18496 (16 times)
Measuring point 295/18496 (16 times)
Measuring point 296/18496 (16 times)
Measuring point 297/18496 (16 times)
Measuring point 298/18496 (16 times)
Measuring point 299/18496 (16 times)
Measuring point 300/18496 (16 times)
Measuring point 301/18496 (16 times)
Measuring point 302/18496 (16 times)
Measuring point 303/18496 (16 times)
Measuring point 304/18496 (16 times)
Measuring point 305/18496 (16 times)
Measuring point 306/18496 (16 times)
Measuring point 307/18496 (16 times)
Measuring point 308/18496 (16 times)
Measuring point 309/18496 (16 times)
Measuring point 310/18496 (16 times)
Measuring point 311/18496 (16 times)
Measuring point 312/18496 (16 times)
Measuring point 313/18496 (16 times)
Measuring point 314/18496 (16 times)
Measuring point 315/18496 (16 times)
Measuring point 316/18496 (16 times)
Measuring point 317/18496 (16 times)
Measuring point 318/18496 (16 times)
Measuring point 319/18496 (16 times)
Measuring point 320/18496 (16 times)
Measuring point 321/18496 (16 times)
Measuring point 322/18496 (16 times)
Measuring point 323/18496 (16 times)
Measuring point 324/18496 (16 times)
Measuring point 325/18496 (16 times)
Measuring point 326/18496 (16 times)
Measuring point 327/18496 (16 times)
Measuring point 328/18496 (16 times)
Measuring point 329/18496 (16 times)
Measuring point 330/18496 (16 times)
Measuring point 331/18496 (16 times)
Measuring point 332/18496 (16 times)
Measuring point 333/18496 (16 times)
Measuring point 334/18496 (16 times)
Measuring point 335/18496 (16 times)
Measuring point 336/18496 (16 times)
Measuring point 337/18496 (16 times)
Measuring point 338/18496 (16 times)
Measuring point 339/18496 (16 times)
Measuring point 340/18496 (16 times)
Measuring point 341/18496 (16 times)
Measuring point 342/18496 (16 times)
Measuring point 343/18496 (16 times)
Measuring point 344/18496 (16 times)
Measuring point 345/18496 (16 times)
Measuring point 346/18496 (16 times)
Measuring point 347/18496 (16 times)
Measuring point 348/18496 (16 times)
Measuring point 349/18496 (16 times)
Measuring point 350/18496 (16 times)
Measuring point 351/18496 (16 times)
Measuring point 352/18496 (16 times)
Measuring point 353/18496 (16 times)
Measuring point 354/18496 (16 times)
Measuring point 355/18496 (16 times)
Measuring point 356/18496 (16 times)
Measuring point 357/18496 (16 times)
Measuring point 358/18496 (16 times)
Measuring point 359/18496 (16 times)
Measuring point 360/18496 (16 times)
Measuring point 361/18496 (16 times)
Measuring point 362/18496 (16 times)
Measuring point 363/18496 (16 times)
Measuring point 364/18496 (16 times)
Measuring point 365/18496 (16 times)
Measuring point 366/18496 (16 times)
Measuring point 367/18496 (16 times)
Measuring point 368/18496 (16 times)
Measuring point 369/18496 (16 times)
Measuring point 370/18496 (16 times)
Measuring point 371/18496 (16 times)
Measuring point 372/18496 (16 times)
Measuring point 373/18496 (16 times)
Measuring point 374/18496 (16 times)
Measuring point 375/18496 (16 times)
Measuring point 376/18496 (16 times)
Measuring point 377/18496 (16 times)
Measuring point 378/18496 (16 times)
Measuring point 379/18496 (16 times)
Measuring point 380/18496 (16 times)
Measuring point 381/18496 (16 times)
Measuring point 382/18496 (16 times)
Measuring point 383/18496 (16 times)
Measuring point 384/18496 (16 times)
Measuring point 385/18496 (16 times)
Measuring point 386/18496 (16 times)
Measuring point 387/18496 (16 times)
Measuring point 388/18496 (16 times)
Measuring point 389/18496 (16 times)
Measuring point 390/18496 (16 times)
Measuring point 391/18496 (16 times)
Measuring point 392/18496 (16 times)
Measuring point 393/18496 (16 times)
Measuring point 394/18496 (16 times)
Measuring point 395/18496 (16 times)
Measuring point 396/18496 (16 times)
Measuring point 397/18496 (16 times)
Measuring point 398/18496 (16 times)
Measuring point 399/18496 (16 times)
Measuring point 400/18496 (16 times)
Measuring point 401/18496 (16 times)
Measuring point 402/18496 (16 times)
Measuring point 403/18496 (16 times)
Measuring point 404/18496 (16 times)
Measuring point 405/18496 (16 times)
Measuring point 406/18496 (16 times)
Measuring point 407/18496 (16 times)
Measuring point 408/18496 (16 times)
Measuring point 409/18496 (16 times)
Measuring point 410/18496 (16 times)
Measuring point 411/18496 (16 times)
Measuring point 412/18496 (16 times)
Measuring point 413/18496 (16 times)
Measuring point 414/18496 (16 times)
Measuring point 415/18496 (16 times)
Measuring point 416/18496 (16 times)
Measuring point 417/18496 (16 times)
Measuring point 418/18496 (16 times)
Measuring point 419/18496 (16 times)
Measuring point 420/18496 (16 times)
Measuring point 421/18496 (16 times)
Measuring point 422/18496 (16 times)
Measuring point 423/18496 (16 times)
Measuring point 424/18496 (16 times)
Measuring point 425/18496 (16 times)
Measuring point 426/18496 (16 times)
Measuring point 427/18496 (16 times)
Measuring point 428/18496 (16 times)
Measuring point 429/18496 (16 times)
Measuring point 430/18496 (16 times)
Measuring point 431/18496 (16 times)
Measuring point 432/18496 (16 times)
Measuring point 433/18496 (16 times)
Measuring point 434/18496 (16 times)
Measuring point 435/18496 (16 times)
Measuring point 436/18496 (16 times)
Measuring point 437/18496 (16 times)
Measuring point 438/18496 (16 times)
Measuring point 439/18496 (16 times)
Measuring point 440/18496 (16 times)
Measuring point 441/18496 (16 times)
Measuring point 442/18496 (16 times)
Measuring point 443/18496 (16 times)
Measuring point 444/18496 (16 times)
Measuring point 445/18496 (16 times)
Measuring point 446/18496 (16 times)
Measuring point 447/18496 (16 times)
Measuring point 448/18496 (16 times)
Measuring point 449/18496 (16 times)
Measuring point 450/18496 (16 times)
Measuring point 451/18496 (16 times)
Measuring point 452/18496 (16 times)
Measuring point 453/18496 (16 times)
Measuring point 454/18496 (16 times)
Measuring point 455/18496 (16 times)
Measuring point 456/18496 (16 times)
Measuring point 457/18496 (16 times)
Measuring point 458/18496 (16 times)
Measuring point 459/18496 (16 times)
Measuring point 460/18496 (16 times)
Measuring point 461/18496 (16 times)
Measuring point 462/18496 (16 times)
Measuring point 463/18496 (16 times)
Measuring point 464/18496 (16 times)
Measuring point 465/18496 (16 times)
Measuring point 466/18496 (16 times)
Measuring point 467/18496 (16 times)
Measuring point 468/18496 (16 times)
Measuring point 469/18496 (16 times)
Measuring point 470/18496 (16 times)
Measuring point 471/18496 (16 times)
Measuring point 472/18496 (16 times)
Measuring point 473/18496 (16 times)
Measuring point 474/18496 (16 times)
Measuring point 475/18496 (16 times)
Measuring point 476/18496 (16 times)
Measuring point 477/18496 (16 times)
Measuring point 478/18496 (16 times)
Measuring point 479/18496 (16 times)
Measuring point 480/18496 (16 times)
Measuring point 481/18496 (16 times)
Measuring point 482/18496 (16 times)
Measuring point 483/18496 (16 times)
Measuring point 484/18496 (16 times)
Measuring point 485/18496 (16 times)
Measuring point 486/18496 (16 times)
Measuring point 487/18496 (16 times)
Measuring point 488/18496 (16 times)
Measuring point 489/18496 (16 times)
Measuring point 490/18496 (16 times)
Measuring point 491/18496 (16 times)
Measuring point 492/18496 (16 times)
Measuring point 493/18496 (16 times)
Measuring point 494/18496 (16 times)
Measuring point 495/18496 (16 times)
Measuring point 496/18496 (16 times)
Measuring point 497/18496 (16 times)
Measuring point 498/18496 (16 times)
Measuring point 499/18496 (16 times)
Measuring point 500/18496 (16 times)
Measuring point 501/18496 (16 times)
Measuring point 502/18496 (16 times)
Measuring point 503/18496 (16 times)
Measuring point 504/18496 (16 times)
Measuring point 505/18496 (16 times)
Measuring point 506/18496 (16 times)
Measuring point 507/18496 (16 times)
Measuring point 508/18496 (16 times)
Measuring point 509/18496 (16 times)
Measuring point 510/18496 (16 times)
Measuring point 511/18496 (16 times)
Measuring point 512/18496 (16 times)
Measuring point 513/18496 (16 times)
Measuring point 514/18496 (16 times)
Measuring point 515/18496 (16 times)
Measuring point 516/18496 (16 times)
Measuring point 517/18496 (16 times)
Measuring point 518/18496 (16 times)
Measuring point 519/18496 (16 times)
Measuring point 520/18496 (16 times)
Measuring point 521/18496 (16 times)
Measuring point 522/18496 (16 times)
Measuring point 523/18496 (16 times)
Measuring point 524/18496 (16 times)
Measuring point 525/18496 (16 times)
Measuring point 526/18496 (16 times)
Measuring point 527/18496 (16 times)
Measuring point 528/18496 (16 times)
Measuring point 529/18496 (16 times)
Measuring point 530/18496 (16 times)
Measuring point 531/18496 (16 times)
Measuring point 532/18496 (16 times)
Measuring point 533/18496 (16 times)
Measuring point 534/18496 (16 times)
Measuring point 535/18496 (16 times)
Measuring point 536/18496 (16 times)
Measuring point 537/18496 (16 times)
Measuring point 538/18496 (16 times)
Measuring point 539/18496 (16 times)
Measuring point 540/18496 (16 times)
Measuring point 541/18496 (16 times)
Measuring point 542/18496 (16 times)
Measuring point 543/18496 (16 times)
Measuring point 544/18496 (16 times)
Measuring point 545/18496 (16 times)
Measuring point 546/18496 (16 times)
Measuring point 547/18496 (16 times)
Measuring point 548/18496 (16 times)
Measuring point 549/18496 (16 times)
Measuring point 550/18496 (16 times)
Measuring point 551/18496 (16 times)
Measuring point 552/18496 (16 times)
Measuring point 553/18496 (16 times)
Measuring point 554/18496 (16 times)
Measuring point 555/18496 (16 times)
Measuring point 556/18496 (16 times)
Measuring point 557/18496 (16 times)
Measuring point 558/18496 (16 times)
Measuring point 559/18496 (16 times)
Measuring point 560/18496 (16 times)
Measuring point 561/18496 (16 times)
Measuring point 562/18496 (16 times)
Measuring point 563/18496 (16 times)
Measuring point 564/18496 (16 times)
Measuring point 565/18496 (16 times)
Measuring point 566/18496 (16 times)
Measuring point 567/18496 (16 times)
Measuring point 568/18496 (16 times)
Measuring point 569/18496 (16 times)
Measuring point 570/18496 (16 times)
Measuring point 571/18496 (16 times)
Measuring point 572/18496 (16 times)
Measuring point 573/18496 (16 times)
Measuring point 574/18496 (16 times)
Measuring point 575/18496 (16 times)
Measuring point 576/18496 (16 times)
Measuring point 577/18496 (16 times)
Measuring point 578/18496 (16 times)
Measuring point 579/18496 (16 times)
Measuring point 580/18496 (16 times)
Measuring point 581/18496 (16 times)
Measuring point 582/18496 (16 times)
Measuring point 583/18496 (16 times)
Measuring point 584/18496 (16 times)
Measuring point 585/18496 (16 times)
Measuring point 586/18496 (16 times)
Measuring point 587/18496 (16 times)
Measuring point 588/18496 (16 times)
Measuring point 589/18496 (16 times)
Measuring point 590/18496 (16 times)
Measuring point 591/18496 (16 times)
Measuring point 592/18496 (16 times)
Measuring point 593/18496 (16 times)
Measuring point 594/18496 (16 times)
Measuring point 595/18496 (16 times)
Measuring point 596/18496 (16 times)
Measuring point 597/18496 (16 times)
Measuring point 598/18496 (16 times)
Measuring point 599/18496 (16 times)
Measuring point 600/18496 (16 times)
Measuring point 601/18496 (16 times)
Measuring point 602/18496 (16 times)
Measuring point 603/18496 (16 times)
Measuring point 604/18496 (16 times)
Measuring point 605/18496 (16 times)
Measuring point 606/18496 (16 times)
Measuring point 607/18496 (16 times)
Measuring point 608/18496 (16 times)
Measuring point 609/18496 (16 times)
Measuring point 610/18496 (16 times)
Measuring point 611/18496 (16 times)
Measuring point 612/18496 (16 times)
Measuring point 613/18496 (16 times)
Measuring point 614/18496 (16 times)
Measuring point 615/18496 (16 times)
Measuring point 616/18496 (16 times)
Measuring point 617/18496 (16 times)
Measuring point 618/18496 (16 times)
Measuring point 619/18496 (16 times)
Measuring point 620/18496 (16 times)
Measuring point 621/18496 (16 times)
Measuring point 622/18496 (16 times)
Measuring point 623/18496 (16 times)
Measuring point 624/18496 (16 times)
Measuring point 625/18496 (16 times)
Measuring point 626/18496 (16 times)
Measuring point 627/18496 (16 times)
Measuring point 628/18496 (16 times)
Measuring point 629/18496 (16 times)
Measuring point 630/18496 (16 times)
Measuring point 631/18496 (16 times)
Measuring point 632/18496 (16 times)
Measuring point 633/18496 (16 times)
Measuring point 634/18496 (16 times)
Measuring point 635/18496 (16 times)
Measuring point 636/18496 (16 times)
Measuring point 637/18496 (16 times)
Measuring point 638/18496 (16 times)
Measuring point 639/18496 (16 times)
Measuring point 640/18496 (16 times)
Measuring point 641/18496 (16 times)
Measuring point 642/18496 (16 times)
Measuring point 643/18496 (16 times)
Measuring point 644/18496 (16 times)
Measuring point 645/18496 (16 times)
Measuring point 646/18496 (16 times)
Measuring point 647/18496 (16 times)
Measuring point 648/18496 (16 times)
Measuring point 649/18496 (16 times)
Measuring point 650/18496 (16 times)
Measuring point 651/18496 (16 times)
Measuring point 652/18496 (16 times)
Measuring point 653/18496 (16 times)
Measuring point 654/18496 (16 times)
Measuring point 655/18496 (16 times)
Measuring point 656/18496 (16 times)
Measuring point 657/18496 (16 times)
Measuring point 658/18496 (16 times)
Measuring point 659/18496 (16 times)
Measuring point 660/18496 (16 times)
Measuring point 661/18496 (16 times)
Measuring point 662/18496 (16 times)
Measuring point 663/18496 (16 times)
Measuring point 664/18496 (16 times)
Measuring point 665/18496 (16 times)
Measuring point 666/18496 (16 times)
Measuring point 667/18496 (16 times)
Measuring point 668/18496 (16 times)
Measuring point 669/18496 (16 times)
Measuring point 670/18496 (16 times)
Measuring point 671/18496 (16 times)
Measuring point 672/18496 (16 times)
Measuring point 673/18496 (16 times)
Measuring point 674/18496 (16 times)
Measuring point 675/18496 (16 times)
Measuring point 676/18496 (16 times)
Measuring point 677/18496 (16 times)
Measuring point 678/18496 (16 times)
Measuring point 679/18496 (16 times)
Measuring point 680/18496 (16 times)
Measuring point 681/18496 (16 times)
Measuring point 682/18496 (16 times)
Measuring point 683/18496 (16 times)
Measuring point 684/18496 (16 times)
Measuring point 685/18496 (16 times)
Measuring point 686/18496 (16 times)
Measuring point 687/18496 (16 times)
Measuring point 688/18496 (16 times)
Measuring point 689/18496 (16 times)
Measuring point 690/18496 (16 times)
Measuring point 691/18496 (16 times)
Measuring point 692/18496 (16 times)
Measuring point 693/18496 (16 times)
Measuring point 694/18496 (16 times)
Measuring point 695/18496 (16 times)
Measuring point 696/18496 (16 times)
Measuring point 697/18496 (16 times)
Measuring point 698/18496 (16 times)
Measuring point 699/18496 (16 times)
Measuring point 700/18496 (16 times)
Measuring point 701/18496 (16 times)
Measuring point 702/18496 (16 times)
Measuring point 703/18496 (16 times)
Measuring point 704/18496 (16 times)
Measuring point 705/18496 (16 times)
Measuring point 706/18496 (16 times)
Measuring point 707/18496 (16 times)
Measuring point 708/18496 (16 times)
Measuring point 709/18496 (16 times)
Measuring point 710/18496 (16 times)
Measuring point 711/18496 (16 times)
Measuring point 712/18496 (16 times)
Measuring point 713/18496 (16 times)
Measuring point 714/18496 (16 times)
Measuring point 715/18496 (16 times)
Measuring point 716/18496 (16 times)
Measuring point 717/18496 (16 times)
Measuring point 718/18496 (16 times)
Measuring point 719/18496 (16 times)
Measuring point 720/18496 (16 times)
Measuring point 721/18496 (16 times)
Measuring point 722/18496 (16 times)
Measuring point 723/18496 (16 times)
Measuring point 724/18496 (16 times)
Measuring point 725/18496 (16 times)
Measuring point 726/18496 (16 times)
Measuring point 727/18496 (16 times)
Measuring point 728/18496 (16 times)
Measuring point 729/18496 (16 times)
Measuring point 730/18496 (16 times)
Measuring point 731/18496 (16 times)
Measuring point 732/18496 (16 times)
Measuring point 733/18496 (16 times)
Measuring point 734/18496 (16 times)
Measuring point 735/18496 (16 times)
Measuring point 736/18496 (16 times)
Measuring point 737/18496 (16 times)
Measuring point 738/18496 (16 times)
Measuring point 739/18496 (16 times)
Measuring point 740/18496 (16 times)
Measuring point 741/18496 (16 times)
Measuring point 742/18496 (16 times)
Measuring point 743/18496 (16 times)
Measuring point 744/18496 (16 times)
Measuring point 745/18496 (16 times)
Measuring point 746/18496 (16 times)
Measuring point 747/18496 (16 times)
Measuring point 748/18496 (16 times)
Measuring point 749/18496 (16 times)
Measuring point 750/18496 (16 times)
Measuring point 751/18496 (16 times)
Measuring point 752/18496 (16 times)
Measuring point 753/18496 (16 times)
Measuring point 754/18496 (16 times)
Measuring point 755/18496 (16 times)
Measuring point 756/18496 (16 times)
Measuring point 757/18496 (16 times)
Measuring point 758/18496 (16 times)
Measuring point 759/18496 (16 times)
Measuring point 760/18496 (16 times)
Measuring point 761/18496 (16 times)
Measuring point 762/18496 (16 times)
Measuring point 763/18496 (16 times)
Measuring point 764/18496 (16 times)
Measuring point 765/18496 (16 times)
Measuring point 766/18496 (16 times)
Measuring point 767/18496 (16 times)
Measuring point 768/18496 (16 times)
Measuring point 769/18496 (16 times)
Measuring point 770/18496 (16 times)
Measuring point 771/18496 (16 times)
Measuring point 772/18496 (16 times)
Measuring point 773/18496 (16 times)
Measuring point 774/18496 (16 times)
Measuring point 775/18496 (16 times)
Measuring point 776/18496 (16 times)
Measuring point 777/18496 (16 times)
Measuring point 778/18496 (16 times)
Measuring point 779/18496 (16 times)
Measuring point 780/18496 (16 times)
Measuring point 781/18496 (16 times)
Measuring point 782/18496 (16 times)
Measuring point 783/18496 (16 times)
Measuring point 784/18496 (16 times)
Measuring point 785/18496 (16 times)
Measuring point 786/18496 (16 times)
Measuring point 787/18496 (16 times)
Measuring point 788/18496 (16 times)
Measuring point 789/18496 (16 times)
Measuring point 790/18496 (16 times)
Measuring point 791/18496 (16 times)
Measuring point 792/18496 (16 times)
Measuring point 793/18496 (16 times)
Measuring point 794/18496 (16 times)
Measuring point 795/18496 (16 times)
Measuring point 796/18496 (16 times)
Measuring point 797/18496 (16 times)
Measuring point 798/18496 (16 times)
Measuring point 799/18496 (16 times)
Measuring point 800/18496 (16 times)
Measuring point 801/18496 (16 times)
Measuring point 802/18496 (16 times)
Measuring point 803/18496 (16 times)
Measuring point 804/18496 (16 times)
Measuring point 805/18496 (16 times)
Measuring point 806/18496 (16 times)
Measuring point 807/18496 (16 times)
Measuring point 808/18496 (16 times)
Measuring point 809/18496 (16 times)
Measuring point 810/18496 (16 times)
Measuring point 811/18496 (16 times)
Measuring point 812/18496 (16 times)
Measuring point 813/18496 (16 times)
Measuring point 814/18496 (16 times)
Measuring point 815/18496 (16 times)
Measuring point 816/18496 (16 times)
Measuring point 817/18496 (16 times)
Measuring point 818/18496 (16 times)
Measuring point 819/18496 (16 times)
Measuring point 820/18496 (16 times)
Measuring point 821/18496 (16 times)
Measuring point 822/18496 (16 times)
Measuring point 823/18496 (16 times)
Measuring point 824/18496 (16 times)
Measuring point 825/18496 (16 times)
Measuring point 826/18496 (16 times)
Measuring point 827/18496 (16 times)
Measuring point 828/18496 (16 times)
Measuring point 829/18496 (16 times)
Measuring point 830/18496 (16 times)
Measuring point 831/18496 (16 times)
Measuring point 832/18496 (16 times)
Measuring point 833/18496 (16 times)
Measuring point 834/18496 (16 times)
Measuring point 835/18496 (16 times)
Measuring point 836/18496 (16 times)
Measuring point 837/18496 (16 times)
Measuring point 838/18496 (16 times)
Measuring point 839/18496 (16 times)
Measuring point 840/18496 (16 times)
Measuring point 841/18496 (16 times)
Measuring point 842/18496 (16 times)
Measuring point 843/18496 (16 times)
Measuring point 844/18496 (16 times)
Measuring point 845/18496 (16 times)
Measuring point 846/18496 (16 times)
Measuring point 847/18496 (16 times)
Measuring point 848/18496 (16 times)
Measuring point 849/18496 (16 times)
Measuring point 850/18496 (16 times)
Measuring point 851/18496 (16 times)
Measuring point 852/18496 (16 times)
Measuring point 853/18496 (16 times)
Measuring point 854/18496 (16 times)
Measuring point 855/18496 (16 times)
Measuring point 856/18496 (16 times)
Measuring point 857/18496 (16 times)
Measuring point 858/18496 (16 times)
Measuring point 859/18496 (16 times)
Measuring point 860/18496 (16 times)
Measuring point 861/18496 (16 times)
Measuring point 862/18496 (16 times)
Measuring point 863/18496 (16 times)
Measuring point 864/18496 (16 times)
Measuring point 865/18496 (16 times)
Measuring point 866/18496 (16 times)
Measuring point 867/18496 (16 times)
Measuring point 868/18496 (16 times)
Measuring point 869/18496 (16 times)
Measuring point 870/18496 (16 times)
Measuring point 871/18496 (16 times)
Measuring point 872/18496 (16 times)
Measuring point 873/18496 (16 times)
Measuring point 874/18496 (16 times)
Measuring point 875/18496 (16 times)
Measuring point 876/18496 (16 times)
Measuring point 877/18496 (16 times)
Measuring point 878/18496 (16 times)
Measuring point 879/18496 (16 times)
Measuring point 880/18496 (16 times)
Measuring point 881/18496 (16 times)
Measuring point 882/18496 (16 times)
Measuring point 883/18496 (16 times)
Measuring point 884/18496 (16 times)
Measuring point 885/18496 (16 times)
Measuring point 886/18496 (16 times)
Measuring point 887/18496 (16 times)
Measuring point 888/18496 (16 times)
Measuring point 889/18496 (16 times)
Measuring point 890/18496 (16 times)
Measuring point 891/18496 (16 times)
Measuring point 892/18496 (16 times)
Measuring point 893/18496 (16 times)
Measuring point 894/18496 (16 times)
Measuring point 895/18496 (16 times)
Measuring point 896/18496 (16 times)
Measuring point 897/18496 (16 times)
Measuring point 898/18496 (16 times)
Measuring point 899/18496 (16 times)
Measuring point 900/18496 (16 times)
Measuring point 901/18496 (16 times)
Measuring point 902/18496 (16 times)
Measuring point 903/18496 (16 times)
Measuring point 904/18496 (16 times)
Measuring point 905/18496 (16 times)
Measuring point 906/18496 (16 times)
Measuring point 907/18496 (16 times)
Measuring point 908/18496 (16 times)
Measuring point 909/18496 (16 times)
Measuring point 910/18496 (16 times)
Measuring point 911/18496 (16 times)
Measuring point 912/18496 (16 times)
Measuring point 913/18496 (16 times)
Measuring point 914/18496 (16 times)
Measuring point 915/18496 (16 times)
Measuring point 916/18496 (16 times)
Measuring point 917/18496 (16 times)
Measuring point 918/18496 (16 times)
Measuring point 919/18496 (16 times)
Measuring point 920/18496 (16 times)
Measuring point 921/18496 (16 times)
Measuring point 922/18496 (16 times)
Measuring point 923/18496 (16 times)
Measuring point 924/18496 (16 times)
Measuring point 925/18496 (16 times)
Measuring point 926/18496 (16 times)
Measuring point 927/18496 (16 times)
Measuring point 928/18496 (16 times)
Measuring point 929/18496 (16 times)
Measuring point 930/18496 (16 times)
Measuring point 931/18496 (16 times)
Measuring point 932/18496 (16 times)
Measuring point 933/18496 (16 times)
Measuring point 934/18496 (16 times)
Measuring point 935/18496 (16 times)
Measuring point 936/18496 (16 times)
Measuring point 937/18496 (16 times)
Measuring point 938/18496 (16 times)
Measuring point 939/18496 (16 times)
Measuring point 940/18496 (16 times)
Measuring point 941/18496 (16 times)
Measuring point 942/18496 (16 times)
Measuring point 943/18496 (16 times)
Measuring point 944/18496 (16 times)
Measuring point 945/18496 (16 times)
Measuring point 946/18496 (16 times)
Measuring point 947/18496 (16 times)
Measuring point 948/18496 (16 times)
Measuring point 949/18496 (16 times)
Measuring point 950/18496 (16 times)
Measuring point 951/18496 (16 times)
Measuring point 952/18496 (16 times)
Measuring point 953/18496 (16 times)
Measuring point 954/18496 (16 times)
Measuring point 955/18496 (16 times)
Measuring point 956/18496 (16 times)
Measuring point 957/18496 (16 times)
Measuring point 958/18496 (16 times)
Measuring point 959/18496 (16 times)
Measuring point 960/18496 (16 times)
Measuring point 961/18496 (16 times)
Measuring point 962/18496 (16 times)
Measuring point 963/18496 (16 times)
Measuring point 964/18496 (16 times)
Measuring point 965/18496 (16 times)
Measuring point 966/18496 (16 times)
Measuring point 967/18496 (16 times)
Measuring point 968/18496 (16 times)
Measuring point 969/18496 (16 times)
Measuring point 970/18496 (16 times)
Measuring point 971/18496 (16 times)
Measuring point 972/18496 (16 times)
Measuring point 973/18496 (16 times)
Measuring point 974/18496 (16 times)
Measuring point 975/18496 (16 times)
Measuring point 976/18496 (16 times)
Measuring point 977/18496 (16 times)
Measuring point 978/18496 (16 times)
Measuring point 979/18496 (16 times)
Measuring point 980/18496 (16 times)
Measuring point 981/18496 (16 times)
Measuring point 982/18496 (16 times)
Measuring point 983/18496 (16 times)
Measuring point 984/18496 (16 times)
Measuring point 985/18496 (16 times)
Measuring point 986/18496 (16 times)
Measuring point 987/18496 (16 times)
Measuring point 988/18496 (16 times)
Measuring point 989/18496 (16 times)
Measuring point 990/18496 (16 times)
Measuring point 991/18496 (16 times)
Measuring point 992/18496 (16 times)
Measuring point 993/18496 (16 times)
Measuring point 994/18496 (16 times)
Measuring point 995/18496 (16 times)
Measuring point 996/18496 (16 times)
Measuring point 997/18496 (16 times)
Measuring point 998/18496 (16 times)
Measuring point 999/18496 (16 times)
Measuring point 1000/18496 (16 times)
Measuring point 1001/18496 (16 times)
Measuring point 1002/18496 (16 times)
Measuring point 1003/18496 (16 times)
Measuring point 1004/18496 (16 times)
Measuring point 1005/18496 (16 times)
Measuring point 1006/18496 (16 times)
Measuring point 1007/18496 (16 times)
Measuring point 1008/18496 (16 times)
Measuring point 1009/18496 (16 times)
Measuring point 1010/18496 (16 times)
Measuring point 1011/18496 (16 times)
Measuring point 1012/18496 (16 times)
Measuring point 1013/18496 (16 times)
Measuring point 1014/18496 (16 times)
Measuring point 1015/18496 (16 times)
Measuring point 1016/18496 (16 times)
Measuring point 1017/18496 (16 times)
Measuring point 1018/18496 (16 times)
Measuring point 1019/18496 (16 times)
Measuring point 1020/18496 (16 times)
Measuring point 1021/18496 (16 times)
Measuring point 1022/18496 (16 times)
Measuring point 1023/18496 (16 times)
Measuring point 1024/18496 (16 times)
Measuring point 1025/18496 (16 times)
Measuring point 1026/18496 (16 times)
Measuring point 1027/18496 (16 times)
Measuring point 1028/18496 (16 times)
Measuring point 1029/18496 (16 times)
Measuring point 1030/18496 (16 times)
Measuring point 1031/18496 (16 times)
Measuring point 1032/18496 (16 times)
Measuring point 1033/18496 (16 times)
Measuring point 1034/18496 (16 times)
Measuring point 1035/18496 (16 times)
Measuring point 1036/18496 (16 times)
Measuring point 1037/18496 (16 times)
Measuring point 1038/18496 (16 times)
Measuring point 1039/18496 (16 times)
Measuring point 1040/18496 (16 times)
Measuring point 1041/18496 (16 times)
Measuring point 1042/18496 (16 times)
Measuring point 1043/18496 (16 times)
Measuring point 1044/18496 (16 times)
Measuring point 1045/18496 (16 times)
Measuring point 1046/18496 (16 times)
Measuring point 1047/18496 (16 times)
Measuring point 1048/18496 (16 times)
Measuring point 1049/18496 (16 times)
Measuring point 1050/18496 (16 times)
Measuring point 1051/18496 (16 times)
Measuring point 1052/18496 (16 times)
Measuring point 1053/18496 (16 times)
Measuring point 1054/18496 (16 times)
Measuring point 1055/18496 (16 times)
Measuring point 1056/18496 (16 times)
Measuring point 1057/18496 (16 times)
Measuring point 1058/18496 (16 times)
Measuring point 1059/18496 (16 times)
Measuring point 1060/18496 (16 times)
Measuring point 1061/18496 (16 times)
Measuring point 1062/18496 (16 times)
Measuring point 1063/18496 (16 times)
Measuring point 1064/18496 (16 times)
Measuring point 1065/18496 (16 times)
Measuring point 1066/18496 (16 times)
Measuring point 1067/18496 (16 times)
Measuring point 1068/18496 (16 times)
Measuring point 1069/18496 (16 times)
Measuring point 1070/18496 (16 times)
Measuring point 1071/18496 (16 times)
Measuring point 1072/18496 (16 times)
Measuring point 1073/18496 (16 times)
Measuring point 1074/18496 (16 times)
Measuring point 1075/18496 (16 times)
Measuring point 1076/18496 (16 times)
Measuring point 1077/18496 (16 times)
Measuring point 1078/18496 (16 times)
Measuring point 1079/18496 (16 times)
Measuring point 1080/18496 (16 times)
Measuring point 1081/18496 (16 times)
Measuring point 1082/18496 (16 times)
Measuring point 1083/18496 (16 times)
Measuring point 1084/18496 (16 times)
Measuring point 1085/18496 (16 times)
Measuring point 1086/18496 (16 times)
Measuring point 1087/18496 (16 times)
Measuring point 1088/18496 (16 times)
Measuring point 1089/18496 (16 times)
Measuring point 1090/18496 (16 times)
Measuring point 1091/18496 (16 times)
Measuring point 1092/18496 (16 times)
Measuring point 1093/18496 (16 times)
Measuring point 1094/18496 (16 times)
Measuring point 1095/18496 (16 times)
Measuring point 1096/18496 (16 times)
Measuring point 1097/18496 (16 times)
Measuring point 1098/18496 (16 times)
Measuring point 1099/18496 (16 times)
Measuring point 1100/18496 (16 times)
Measuring point 1101/18496 (16 times)
Measuring point 1102/18496 (16 times)
Measuring point 1103/18496 (16 times)
Measuring point 1104/18496 (16 times)
Measuring point 1105/18496 (16 times)
Measuring point 1106/18496 (16 times)
Measuring point 1107/18496 (16 times)
Measuring point 1108/18496 (16 times)
Measuring point 1109/18496 (16 times)
Measuring point 1110/18496 (16 times)
Measuring point 1111/18496 (16 times)
Measuring point 1112/18496 (16 times)
Measuring point 1113/18496 (16 times)
Measuring point 1114/18496 (16 times)
Measuring point 1115/18496 (16 times)
Measuring point 1116/18496 (16 times)
Measuring point 1117/18496 (16 times)
Measuring point 1118/18496 (16 times)
Measuring point 1119/18496 (16 times)
Measuring point 1120/18496 (16 times)
Measuring point 1121/18496 (16 times)
Measuring point 1122/18496 (16 times)
Measuring point 1123/18496 (16 times)
Measuring point 1124/18496 (16 times)
Measuring point 1125/18496 (16 times)
Measuring point 1126/18496 (16 times)
Measuring point 1127/18496 (16 times)
Measuring point 1128/18496 (16 times)
Measuring point 1129/18496 (16 times)
Measuring point 1130/18496 (16 times)
Measuring point 1131/18496 (16 times)
Measuring point 1132/18496 (16 times)
Measuring point 1133/18496 (16 times)
Measuring point 1134/18496 (16 times)
Measuring point 1135/18496 (16 times)
Measuring point 1136/18496 (16 times)
Measuring point 1137/18496 (16 times)
Measuring point 1138/18496 (16 times)
Measuring point 1139/18496 (16 times)
Measuring point 1140/18496 (16 times)
Measuring point 1141/18496 (16 times)
Measuring point 1142/18496 (16 times)
Measuring point 1143/18496 (16 times)
Measuring point 1144/18496 (16 times)
Measuring point 1145/18496 (16 times)
Measuring point 1146/18496 (16 times)
Measuring point 1147/18496 (16 times)
Measuring point 1148/18496 (16 times)
Measuring point 1149/18496 (16 times)
Measuring point 1150/18496 (16 times)
Measuring point 1151/18496 (16 times)
Measuring point 1152/18496 (16 times)
Measuring point 1153/18496 (16 times)
Measuring point 1154/18496 (16 times)
Measuring point 1155/18496 (16 times)
Measuring point 1156/18496 (16 times)
Measuring point 1157/18496 (16 times)
Measuring point 1158/18496 (16 times)
Measuring point 1159/18496 (16 times)
Measuring point 1160/18496 (16 times)
Measuring point 1161/18496 (16 times)
Measuring point 1162/18496 (16 times)
Measuring point 1163/18496 (16 times)
Measuring point 1164/18496 (16 times)
Measuring point 1165/18496 (16 times)
Measuring point 1166/18496 (16 times)
Measuring point 1167/18496 (16 times)
Measuring point 1168/18496 (16 times)
Measuring point 1169/18496 (16 times)
Measuring point 1170/18496 (16 times)
Measuring point 1171/18496 (16 times)
Measuring point 1172/18496 (16 times)
Measuring point 1173/18496 (16 times)
Measuring point 1174/18496 (16 times)
Measuring point 1175/18496 (16 times)
Measuring point 1176/18496 (16 times)
Measuring point 1177/18496 (16 times)
Measuring point 1178/18496 (16 times)
Measuring point 1179/18496 (16 times)
Measuring point 1180/18496 (16 times)
Measuring point 1181/18496 (16 times)
Measuring point 1182/18496 (16 times)
Measuring point 1183/18496 (16 times)
Measuring point 1184/18496 (16 times)
Measuring point 1185/18496 (16 times)
Measuring point 1186/18496 (16 times)
Measuring point 1187/18496 (16 times)
Measuring point 1188/18496 (16 times)
Measuring point 1189/18496 (16 times)
Measuring point 1190/18496 (16 times)
Measuring point 1191/18496 (16 times)
Measuring point 1192/18496 (16 times)
Measuring point 1193/18496 (16 times)
Measuring point 1194/18496 (16 times)
Measuring point 1195/18496 (16 times)
Measuring point 1196/18496 (16 times)
Measuring point 1197/18496 (16 times)
Measuring point 1198/18496 (16 times)
Measuring point 1199/18496 (16 times)
Measuring point 1200/18496 (16 times)
Measuring point 1201/18496 (16 times)
Measuring point 1202/18496 (16 times)
Measuring point 1203/18496 (16 times)
Measuring point 1204/18496 (16 times)
Measuring point 1205/18496 (16 times)
Measuring point 1206/18496 (16 times)
Measuring point 1207/18496 (16 times)
Measuring point 1208/18496 (16 times)
Measuring point 1209/18496 (16 times)
Measuring point 1210/18496 (16 times)
Measuring point 1211/18496 (16 times)
Measuring point 1212/18496 (16 times)
Measuring point 1213/18496 (16 times)
Measuring point 1214/18496 (16 times)
Measuring point 1215/18496 (16 times)
Measuring point 1216/18496 (16 times)
Measuring point 1217/18496 (16 times)
Measuring point 1218/18496 (16 times)
Measuring point 1219/18496 (16 times)
Measuring point 1220/18496 (16 times)
Measuring point 1221/18496 (16 times)
Measuring point 1222/18496 (16 times)
Measuring point 1223/18496 (16 times)
Measuring point 1224/18496 (16 times)
Measuring point 1225/18496 (16 times)
Measuring point 1226/18496 (16 times)
Measuring point 1227/18496 (16 times)
Measuring point 1228/18496 (16 times)
Measuring point 1229/18496 (16 times)
Measuring point 1230/18496 (16 times)
Measuring point 1231/18496 (16 times)
Measuring point 1232/18496 (16 times)
Measuring point 1233/18496 (16 times)
Measuring point 1234/18496 (16 times)
Measuring point 1235/18496 (16 times)
Measuring point 1236/18496 (16 times)
Measuring point 1237/18496 (16 times)
Measuring point 1238/18496 (16 times)
Measuring point 1239/18496 (16 times)
Measuring point 1240/18496 (16 times)
Measuring point 1241/18496 (16 times)
Measuring point 1242/18496 (16 times)
Measuring point 1243/18496 (16 times)
Measuring point 1244/18496 (16 times)
Measuring point 1245/18496 (16 times)
Measuring point 1246/18496 (16 times)
Measuring point 1247/18496 (16 times)
Measuring point 1248/18496 (16 times)
Measuring point 1249/18496 (16 times)
Measuring point 1250/18496 (16 times)
Measuring point 1251/18496 (16 times)
Measuring point 1252/18496 (16 times)
Measuring point 1253/18496 (16 times)
Measuring point 1254/18496 (16 times)
Measuring point 1255/18496 (16 times)
Measuring point 1256/18496 (16 times)
Measuring point 1257/18496 (16 times)
Measuring point 1258/18496 (16 times)
Measuring point 1259/18496 (16 times)
Measuring point 1260/18496 (16 times)
Measuring point 1261/18496 (16 times)
Measuring point 1262/18496 (16 times)
Measuring point 1263/18496 (16 times)
Measuring point 1264/18496 (16 times)
Measuring point 1265/18496 (16 times)
Measuring point 1266/18496 (16 times)
Measuring point 1267/18496 (16 times)
Measuring point 1268/18496 (16 times)
Measuring point 1269/18496 (16 times)
Measuring point 1270/18496 (16 times)
Measuring point 1271/18496 (16 times)
Measuring point 1272/18496 (16 times)
Measuring point 1273/18496 (16 times)
Measuring point 1274/18496 (16 times)
Measuring point 1275/18496 (16 times)
Measuring point 1276/18496 (16 times)
Measuring point 1277/18496 (16 times)
Measuring point 1278/18496 (16 times)
Measuring point 1279/18496 (16 times)
Measuring point 1280/18496 (16 times)
Measuring point 1281/18496 (16 times)
Measuring point 1282/18496 (16 times)
Measuring point 1283/18496 (16 times)
Measuring point 1284/18496 (16 times)
Measuring point 1285/18496 (16 times)
Measuring point 1286/18496 (16 times)
Measuring point 1287/18496 (16 times)
Measuring point 1288/18496 (16 times)
Measuring point 1289/18496 (16 times)
Measuring point 1290/18496 (16 times)
Measuring point 1291/18496 (16 times)
Measuring point 1292/18496 (16 times)
Measuring point 1293/18496 (16 times)
Measuring point 1294/18496 (16 times)
Measuring point 1295/18496 (16 times)
Measuring point 1296/18496 (16 times)
Measuring point 1297/18496 (16 times)
Measuring point 1298/18496 (16 times)
Measuring point 1299/18496 (16 times)
Measuring point 1300/18496 (16 times)
Measuring point 1301/18496 (16 times)
Measuring point 1302/18496 (16 times)
Measuring point 1303/18496 (16 times)
Measuring point 1304/18496 (16 times)
Measuring point 1305/18496 (16 times)
Measuring point 1306/18496 (16 times)
Measuring point 1307/18496 (16 times)
Measuring point 1308/18496 (16 times)
Measuring point 1309/18496 (16 times)
Measuring point 1310/18496 (16 times)
Measuring point 1311/18496 (16 times)
Measuring point 1312/18496 (16 times)
Measuring point 1313/18496 (16 times)
Measuring point 1314/18496 (16 times)
Measuring point 1315/18496 (16 times)
Measuring point 1316/18496 (16 times)
Measuring point 1317/18496 (16 times)
Measuring point 1318/18496 (16 times)
Measuring point 1319/18496 (16 times)
Measuring point 1320/18496 (16 times)
Measuring point 1321/18496 (16 times)
Measuring point 1322/18496 (16 times)
Measuring point 1323/18496 (16 times)
Measuring point 1324/18496 (16 times)
Measuring point 1325/18496 (16 times)
Measuring point 1326/18496 (16 times)
Measuring point 1327/18496 (16 times)
Measuring point 1328/18496 (16 times)
Measuring point 1329/18496 (16 times)
Measuring point 1330/18496 (16 times)
Measuring point 1331/18496 (16 times)
Measuring point 1332/18496 (16 times)
Measuring point 1333/18496 (16 times)
Measuring point 1334/18496 (16 times)
Measuring point 1335/18496 (16 times)
Measuring point 1336/18496 (16 times)
Measuring point 1337/18496 (16 times)
Measuring point 1338/18496 (16 times)
Measuring point 1339/18496 (16 times)
Measuring point 1340/18496 (16 times)
Measuring point 1341/18496 (16 times)
Measuring point 1342/18496 (16 times)
Measuring point 1343/18496 (16 times)
Measuring point 1344/18496 (16 times)
Measuring point 1345/18496 (16 times)
Measuring point 1346/18496 (16 times)
Measuring point 1347/18496 (16 times)
Measuring point 1348/18496 (16 times)
Measuring point 1349/18496 (16 times)
Measuring point 1350/18496 (16 times)
Measuring point 1351/18496 (16 times)
Measuring point 1352/18496 (16 times)
Measuring point 1353/18496 (16 times)
Measuring point 1354/18496 (16 times)
Measuring point 1355/18496 (16 times)
