Manual Bed Calibration Wizard Initiated
Homing Z - Fast
Moving to start Z height
Measuring point 1/676 (1 times)
Measuring point 2/676 (1 times)
Measuring point 3/676 (1 times)
Measuring point 4/676 (1 times)
Measuring point 5/676 (1 times)
Measuring point 6/676 (1 times)
Measuring point 7/676 (1 times)
Measuring point 8/676 (1 times)
Measuring point 9/676 (1 times)
Measuring point 10/676 (1 times)
Measuring point 11/676 (1 times)
Measuring point 12/676 (1 times)
Measuring point 13/676 (1 times)
Measuring point 14/676 (1 times)
Measuring point 15/676 (1 times)
Measuring point 16/676 (1 times)
Measuring point 17/676 (1 times)
Measuring point 18/676 (1 times)
Measuring point 19/676 (1 times)
Measuring point 20/676 (1 times)
Measuring point 21/676 (1 times)
Measuring point 22/676 (1 times)
Measuring point 23/676 (1 times)
Measuring point 24/676 (1 times)
Measuring point 25/676 (1 times)
Measuring point 26/676 (1 times)
Measuring point 27/676 (1 times)
Measuring point 28/676 (1 times)
Measuring point 29/676 (1 times)
Measuring point 30/676 (1 times)
Measuring point 31/676 (1 times)
Measuring point 32/676 (1 times)
Measuring point 33/676 (1 times)
Measuring point 34/676 (1 times)
Measuring point 35/676 (1 times)
Measuring point 36/676 (1 times)
Measuring point 37/676 (1 times)
Measuring point 38/676 (1 times)
Measuring point 39/676 (1 times)
Measuring point 40/676 (1 times)
Measuring point 41/676 (1 times)
Measuring point 42/676 (1 times)
Measuring point 43/676 (1 times)
Measuring point 44/676 (1 times)
Measuring point 45/676 (1 times)
Measuring point 46/676 (1 times)
Measuring point 47/676 (1 times)
Measuring point 48/676 (1 times)
Measuring point 49/676 (1 times)
Measuring point 50/676 (1 times)
Measuring point 51/676 (1 times)
Measuring point 52/676 (1 times)
Measuring point 53/676 (1 times)
Measuring point 54/676 (1 times)
Measuring point 55/676 (1 times)
Measuring point 56/676 (1 times)
Measuring point 57/676 (1 times)
Measuring point 58/676 (1 times)
Measuring point 59/676 (1 times)
Measuring point 60/676 (1 times)
Measuring point 61/676 (1 times)
Measuring point 62/676 (1 times)
Measuring point 63/676 (1 times)
Measuring point 64/676 (1 times)
Measuring point 65/676 (1 times)
Measuring point 66/676 (1 times)
Measuring point 67/676 (1 times)
Measuring point 68/676 (1 times)
Measuring point 69/676 (1 times)
Measuring point 70/676 (1 times)
Measuring point 71/676 (1 times)
Measuring point 72/676 (1 times)
Measuring point 73/676 (1 times)
Measuring point 74/676 (1 times)
Measuring point 75/676 (1 times)
Measuring point 76/676 (1 times)
Measuring point 77/676 (1 times)
Measuring point 78/676 (1 times)
Measuring point 79/676 (1 times)
Measuring point 80/676 (1 times)
Measuring point 81/676 (1 times)
Measuring point 82/676 (1 times)
Measuring point 83/676 (1 times)
Measuring point 84/676 (1 times)
Measuring point 85/676 (1 times)
Measuring point 86/676 (1 times)
Measuring point 87/676 (1 times)
Measuring point 88/676 (1 times)
Measuring point 89/676 (1 times)
Measuring point 90/676 (1 times)
Measuring point 91/676 (1 times)
Measuring point 92/676 (1 times)
Measuring point 93/676 (1 times)
Measuring point 94/676 (1 times)
Measuring point 95/676 (1 times)
Measuring point 96/676 (1 times)
Measuring point 97/676 (1 times)
Measuring point 98/676 (1 times)
Measuring point 99/676 (1 times)
Measuring point 100/676 (1 times)
Measuring point 101/676 (1 times)
Measuring point 102/676 (1 times)
Measuring point 103/676 (1 times)
Measuring point 104/676 (1 times)
Measuring point 105/676 (1 times)
Measuring point 106/676 (1 times)
Measuring point 107/676 (1 times)
Measuring point 108/676 (1 times)
Measuring point 109/676 (1 times)
Measuring point 110/676 (1 times)
Measuring point 111/676 (1 times)
Measuring point 112/676 (1 times)
Measuring point 113/676 (1 times)
Measuring point 114/676 (1 times)
Measuring point 115/676 (1 times)
Measuring point 116/676 (1 times)
Measuring point 117/676 (1 times)
Measuring point 118/676 (1 times)
Measuring point 119/676 (1 times)
Measuring point 120/676 (1 times)
Measuring point 121/676 (1 times)
Measuring point 122/676 (1 times)
Measuring point 123/676 (1 times)
Measuring point 124/676 (1 times)
Measuring point 125/676 (1 times)
Measuring point 126/676 (1 times)
Measuring point 127/676 (1 times)
Measuring point 128/676 (1 times)
Measuring point 129/676 (1 times)
Measuring point 130/676 (1 times)
Measuring point 131/676 (1 times)
Measuring point 132/676 (1 times)
Measuring point 133/676 (1 times)
Measuring point 134/676 (1 times)
Measuring point 135/676 (1 times)
Measuring point 136/676 (1 times)
Measuring point 137/676 (1 times)
Measuring point 138/676 (1 times)
Measuring point 139/676 (1 times)
Measuring point 140/676 (1 times)
Measuring point 141/676 (1 times)
Measuring point 142/676 (1 times)
Measuring point 143/676 (1 times)
Measuring point 144/676 (1 times)
Measuring point 145/676 (1 times)
Measuring point 146/676 (1 times)
Measuring point 147/676 (1 times)
Measuring point 148/676 (1 times)
Measuring point 149/676 (1 times)
Measuring point 150/676 (1 times)
Measuring point 151/676 (1 times)
Measuring point 152/676 (1 times)
Measuring point 153/676 (1 times)
Measuring point 154/676 (1 times)
Measuring point 155/676 (1 times)
Measuring point 156/676 (1 times)
Measuring point 157/676 (1 times)
Measuring point 158/676 (1 times)
Measuring point 159/676 (1 times)
Measuring point 160/676 (1 times)
Measuring point 161/676 (1 times)
Measuring point 162/676 (1 times)
Measuring point 163/676 (1 times)
Measuring point 164/676 (1 times)
Measuring point 165/676 (1 times)
Measuring point 166/676 (1 times)
Measuring point 167/676 (1 times)
Measuring point 168/676 (1 times)
Measuring point 169/676 (1 times)
Measuring point 170/676 (1 times)
Measuring point 171/676 (1 times)
Measuring point 172/676 (1 times)
Measuring point 173/676 (1 times)
Measuring point 174/676 (1 times)
Measuring point 175/676 (1 times)
Measuring point 176/676 (1 times)
Measuring point 177/676 (1 times)
Measuring point 178/676 (1 times)
Measuring point 179/676 (1 times)
Measuring point 180/676 (1 times)
Measuring point 181/676 (1 times)
Measuring point 182/676 (1 times)
Measuring point 183/676 (1 times)
Measuring point 184/676 (1 times)
Measuring point 185/676 (1 times)
Measuring point 186/676 (1 times)
Measuring point 187/676 (1 times)
Measuring point 188/676 (1 times)
Measuring point 189/676 (1 times)
Measuring point 190/676 (1 times)
Measuring point 191/676 (1 times)
Measuring point 192/676 (1 times)
Measuring point 193/676 (1 times)
Measuring point 194/676 (1 times)
Measuring point 195/676 (1 times)
Measuring point 196/676 (1 times)
Measuring point 197/676 (1 times)
Measuring point 198/676 (1 times)
Measuring point 199/676 (1 times)
Measuring point 200/676 (1 times)
Measuring point 201/676 (1 times)
Measuring point 202/676 (1 times)
Measuring point 203/676 (1 times)
Measuring point 204/676 (1 times)
Measuring point 205/676 (1 times)
Measuring point 206/676 (1 times)
Measuring point 207/676 (1 times)
Measuring point 208/676 (1 times)
Measuring point 209/676 (1 times)
Measuring point 210/676 (1 times)
Measuring point 211/676 (1 times)
Measuring point 212/676 (1 times)
Measuring point 213/676 (1 times)
Measuring point 214/676 (1 times)
Measuring point 215/676 (1 times)
Measuring point 216/676 (1 times)
Measuring point 217/676 (1 times)
Measuring point 218/676 (1 times)
Measuring point 219/676 (1 times)
Measuring point 220/676 (1 times)
Measuring point 221/676 (1 times)
Measuring point 222/676 (1 times)
Measuring point 223/676 (1 times)
Measuring point 224/676 (1 times)
Measuring point 225/676 (1 times)
Measuring point 226/676 (1 times)
Measuring point 227/676 (1 times)
Measuring point 228/676 (1 times)
Measuring point 229/676 (1 times)
Measuring point 230/676 (1 times)
Measuring point 231/676 (1 times)
Measuring point 232/676 (1 times)
Measuring point 233/676 (1 times)
Measuring point 234/676 (1 times)
Measuring point 235/676 (1 times)
Measuring point 236/676 (1 times)
Measuring point 237/676 (1 times)
Measuring point 238/676 (1 times)
Measuring point 239/676 (1 times)
Measuring point 240/676 (1 times)
Measuring point 241/676 (1 times)
Measuring point 242/676 (1 times)
Measuring point 243/676 (1 times)
Measuring point 244/676 (1 times)
Measuring point 245/676 (1 times)
Measuring point 246/676 (1 times)
Measuring point 247/676 (1 times)
Measuring point 248/676 (1 times)
Measuring point 249/676 (1 times)
Measuring point 250/676 (1 times)
Measuring point 251/676 (1 times)
Measuring point 252/676 (1 times)
Measuring point 253/676 (1 times)
Measuring point 254/676 (1 times)
Measuring point 255/676 (1 times)
Measuring point 256/676 (1 times)
Measuring point 257/676 (1 times)
Measuring point 258/676 (1 times)
Measuring point 259/676 (1 times)
Measuring point 260/676 (1 times)
Measuring point 261/676 (1 times)
Measuring point 262/676 (1 times)
Measuring point 263/676 (1 times)
Measuring point 264/676 (1 times)
Measuring point 265/676 (1 times)
Measuring point 266/676 (1 times)
Measuring point 267/676 (1 times)
Measuring point 268/676 (1 times)
Measuring point 269/676 (1 times)
Measuring point 270/676 (1 times)
Measuring point 271/676 (1 times)
Measuring point 272/676 (1 times)
Measuring point 273/676 (1 times)
Measuring point 274/676 (1 times)
Measuring point 275/676 (1 times)
Measuring point 276/676 (1 times)
Measuring point 277/676 (1 times)
Measuring point 278/676 (1 times)
Measuring point 279/676 (1 times)
Measuring point 280/676 (1 times)
Measuring point 281/676 (1 times)
Measuring point 282/676 (1 times)
Measuring point 283/676 (1 times)
Measuring point 284/676 (1 times)
Measuring point 285/676 (1 times)
Measuring point 286/676 (1 times)
Measuring point 287/676 (1 times)
Measuring point 288/676 (1 times)
Measuring point 289/676 (1 times)
Measuring point 290/676 (1 times)
Measuring point 291/676 (1 times)
Measuring point 292/676 (1 times)
Measuring point 293/676 (1 times)
Measuring point 294/676 (1 times)
Measuring point 295/676 (1 times)
Measuring point 296/676 (1 times)
Measuring point 297/676 (1 times)
Measuring point 298/676 (1 times)
Measuring point 299/676 (1 times)
Measuring point 300/676 (1 times)
Measuring point 301/676 (1 times)
Measuring point 302/676 (1 times)
Measuring point 303/676 (1 times)
Measuring point 304/676 (1 times)
Measuring point 305/676 (1 times)
Measuring point 306/676 (1 times)
Measuring point 307/676 (1 times)
Measuring point 308/676 (1 times)
Measuring point 309/676 (1 times)
Measuring point 310/676 (1 times)
Measuring point 311/676 (1 times)
Measuring point 312/676 (1 times)
Measuring point 313/676 (1 times)
Measuring point 314/676 (1 times)
Measuring point 315/676 (1 times)
Measuring point 316/676 (1 times)
Measuring point 317/676 (1 times)
Measuring point 318/676 (1 times)
Measuring point 319/676 (1 times)
Measuring point 320/676 (1 times)
Measuring point 321/676 (1 times)
Measuring point 322/676 (1 times)
Measuring point 323/676 (1 times)
Measuring point 324/676 (1 times)
Measuring point 325/676 (1 times)
Measuring point 326/676 (1 times)
Measuring point 327/676 (1 times)
Measuring point 328/676 (1 times)
Measuring point 329/676 (1 times)
Measuring point 330/676 (1 times)
Measuring point 331/676 (1 times)
Measuring point 332/676 (1 times)
Measuring point 333/676 (1 times)
Measuring point 334/676 (1 times)
Measuring point 335/676 (1 times)
Measuring point 336/676 (1 times)
Measuring point 337/676 (1 times)
Measuring point 338/676 (1 times)
Measuring point 339/676 (1 times)
Measuring point 340/676 (1 times)
Measuring point 341/676 (1 times)
Measuring point 342/676 (1 times)
Measuring point 343/676 (1 times)
Measuring point 344/676 (1 times)
Measuring point 345/676 (1 times)
Measuring point 346/676 (1 times)
Measuring point 347/676 (1 times)
Measuring point 348/676 (1 times)
Measuring point 349/676 (1 times)
Measuring point 350/676 (1 times)
Measuring point 351/676 (1 times)
Measuring point 352/676 (1 times)
Measuring point 353/676 (1 times)
Measuring point 354/676 (1 times)
Measuring point 355/676 (1 times)
Measuring point 356/676 (1 times)
Measuring point 357/676 (1 times)
Measuring point 358/676 (1 times)
Measuring point 359/676 (1 times)
Measuring point 360/676 (1 times)
Measuring point 361/676 (1 times)
Measuring point 362/676 (1 times)
Measuring point 363/676 (1 times)
Measuring point 364/676 (1 times)
Measuring point 365/676 (1 times)
Measuring point 366/676 (1 times)
Measuring point 367/676 (1 times)
Measuring point 368/676 (1 times)
Measuring point 369/676 (1 times)
Measuring point 370/676 (1 times)
Measuring point 371/676 (1 times)
Measuring point 372/676 (1 times)
Measuring point 373/676 (1 times)
Measuring point 374/676 (1 times)
Measuring point 375/676 (1 times)
Measuring point 376/676 (1 times)
Measuring point 377/676 (1 times)
Measuring point 378/676 (1 times)
Measuring point 379/676 (1 times)
Measuring point 380/676 (1 times)
Measuring point 381/676 (1 times)
Measuring point 382/676 (1 times)
Measuring point 383/676 (1 times)
Measuring point 384/676 (1 times)
Measuring point 385/676 (1 times)
Measuring point 386/676 (1 times)
Measuring point 387/676 (1 times)
Measuring point 388/676 (1 times)
Measuring point 389/676 (1 times)
Measuring point 390/676 (1 times)
Measuring point 391/676 (1 times)
Measuring point 392/676 (1 times)
Measuring point 393/676 (1 times)
Measuring point 394/676 (1 times)
Measuring point 395/676 (1 times)
Measuring point 396/676 (1 times)
Measuring point 397/676 (1 times)
Measuring point 398/676 (1 times)
Measuring point 399/676 (1 times)
Measuring point 400/676 (1 times)
Measuring point 401/676 (1 times)
Measuring point 402/676 (1 times)
Measuring point 403/676 (1 times)
Measuring point 404/676 (1 times)
Measuring point 405/676 (1 times)
Measuring point 406/676 (1 times)
Measuring point 407/676 (1 times)
Measuring point 408/676 (1 times)
Measuring point 409/676 (1 times)
Measuring point 410/676 (1 times)
Measuring point 411/676 (1 times)
Measuring point 412/676 (1 times)
Measuring point 413/676 (1 times)
Measuring point 414/676 (1 times)
Measuring point 415/676 (1 times)
Measuring point 416/676 (1 times)
Measuring point 417/676 (1 times)
Measuring point 418/676 (1 times)
Measuring point 419/676 (1 times)
Measuring point 420/676 (1 times)
Measuring point 421/676 (1 times)
Measuring point 422/676 (1 times)
Measuring point 423/676 (1 times)
Measuring point 424/676 (1 times)
Measuring point 425/676 (1 times)
Measuring point 426/676 (1 times)
Measuring point 427/676 (1 times)
Measuring point 428/676 (1 times)
Measuring point 429/676 (1 times)
Measuring point 430/676 (1 times)
Measuring point 431/676 (1 times)
Measuring point 432/676 (1 times)
Measuring point 433/676 (1 times)
Measuring point 434/676 (1 times)
Measuring point 435/676 (1 times)
Measuring point 436/676 (1 times)
Measuring point 437/676 (1 times)
Measuring point 438/676 (1 times)
Measuring point 439/676 (1 times)
Measuring point 440/676 (1 times)
Measuring point 441/676 (1 times)
Measuring point 442/676 (1 times)
Measuring point 443/676 (1 times)
Measuring point 444/676 (1 times)
Measuring point 445/676 (1 times)
Measuring point 446/676 (1 times)
Measuring point 447/676 (1 times)
Measuring point 448/676 (1 times)
Measuring point 449/676 (1 times)
Measuring point 450/676 (1 times)
Measuring point 451/676 (1 times)
Measuring point 452/676 (1 times)
Measuring point 453/676 (1 times)
Measuring point 454/676 (1 times)
Measuring point 455/676 (1 times)
Measuring point 456/676 (1 times)
Measuring point 457/676 (1 times)
Measuring point 458/676 (1 times)
Measuring point 459/676 (1 times)
Measuring point 460/676 (1 times)
Measuring point 461/676 (1 times)
Measuring point 462/676 (1 times)
Measuring point 463/676 (1 times)
Measuring point 464/676 (1 times)
Measuring point 465/676 (1 times)
Measuring point 466/676 (1 times)
Measuring point 467/676 (1 times)
Measuring point 468/676 (1 times)
Measuring point 469/676 (1 times)
Measuring point 470/676 (1 times)
Measuring point 471/676 (1 times)
Measuring point 472/676 (1 times)
Measuring point 473/676 (1 times)
Measuring point 474/676 (1 times)
Measuring point 475/676 (1 times)
Measuring point 476/676 (1 times)
Measuring point 477/676 (1 times)
Measuring point 478/676 (1 times)
Measuring point 479/676 (1 times)
Measuring point 480/676 (1 times)
Measuring point 481/676 (1 times)
Measuring point 482/676 (1 times)
Measuring point 483/676 (1 times)
Measuring point 484/676 (1 times)
Measuring point 485/676 (1 times)
Measuring point 486/676 (1 times)
Measuring point 487/676 (1 times)
Measuring point 488/676 (1 times)
Measuring point 489/676 (1 times)
Measuring point 490/676 (1 times)
Measuring point 491/676 (1 times)
Measuring point 492/676 (1 times)
Measuring point 493/676 (1 times)
Measuring point 494/676 (1 times)
Measuring point 495/676 (1 times)
Measuring point 496/676 (1 times)
Measuring point 497/676 (1 times)
Measuring point 498/676 (1 times)
Measuring point 499/676 (1 times)
Measuring point 500/676 (1 times)
Measuring point 501/676 (1 times)
Measuring point 502/676 (1 times)
Measuring point 503/676 (1 times)
Measuring point 504/676 (1 times)
Measuring point 505/676 (1 times)
Measuring point 506/676 (1 times)
Measuring point 507/676 (1 times)
Measuring point 508/676 (1 times)
Measuring point 509/676 (1 times)
Measuring point 510/676 (1 times)
Measuring point 511/676 (1 times)
Measuring point 512/676 (1 times)
Measuring point 513/676 (1 times)
Measuring point 514/676 (1 times)
Measuring point 515/676 (1 times)
Measuring point 516/676 (1 times)
Measuring point 517/676 (1 times)
Measuring point 518/676 (1 times)
Measuring point 519/676 (1 times)
Measuring point 520/676 (1 times)
Measuring point 521/676 (1 times)
Measuring point 522/676 (1 times)
Measuring point 523/676 (1 times)
Measuring point 524/676 (1 times)
Measuring point 525/676 (1 times)
Measuring point 526/676 (1 times)
Measuring point 527/676 (1 times)
Measuring point 528/676 (1 times)
Measuring point 529/676 (1 times)
Measuring point 530/676 (1 times)
Measuring point 531/676 (1 times)
Measuring point 532/676 (1 times)
Measuring point 533/676 (1 times)
Measuring point 534/676 (1 times)
Measuring point 535/676 (1 times)
Measuring point 536/676 (1 times)
Measuring point 537/676 (1 times)
Measuring point 538/676 (1 times)
Measuring point 539/676 (1 times)
Measuring point 540/676 (1 times)
Measuring point 541/676 (1 times)
Measuring point 542/676 (1 times)
Measuring point 543/676 (1 times)
Measuring point 544/676 (1 times)
Measuring point 545/676 (1 times)
Measuring point 546/676 (1 times)
Measuring point 547/676 (1 times)
Measuring point 548/676 (1 times)
Measuring point 549/676 (1 times)
Measuring point 550/676 (1 times)
Measuring point 551/676 (1 times)
Measuring point 552/676 (1 times)
Measuring point 553/676 (1 times)
Measuring point 554/676 (1 times)
Measuring point 555/676 (1 times)
Measuring point 556/676 (1 times)
Measuring point 557/676 (1 times)
Measuring point 558/676 (1 times)
Measuring point 559/676 (1 times)
Measuring point 560/676 (1 times)
Measuring point 561/676 (1 times)
Measuring point 562/676 (1 times)
Measuring point 563/676 (1 times)
Measuring point 564/676 (1 times)
Measuring point 565/676 (1 times)
Measuring point 566/676 (1 times)
Measuring point 567/676 (1 times)
Measuring point 568/676 (1 times)
Measuring point 569/676 (1 times)
Measuring point 570/676 (1 times)
Measuring point 571/676 (1 times)
Measuring point 572/676 (1 times)
Measuring point 573/676 (1 times)
Measuring point 574/676 (1 times)
Measuring point 575/676 (1 times)
Measuring point 576/676 (1 times)
Measuring point 577/676 (1 times)
Measuring point 578/676 (1 times)
Measuring point 579/676 (1 times)
Measuring point 580/676 (1 times)
Measuring point 581/676 (1 times)
Measuring point 582/676 (1 times)
Measuring point 583/676 (1 times)
Measuring point 584/676 (1 times)
Measuring point 585/676 (1 times)
Measuring point 586/676 (1 times)
Measuring point 587/676 (1 times)
Measuring point 588/676 (1 times)
Measuring point 589/676 (1 times)
Measuring point 590/676 (1 times)
Measuring point 591/676 (1 times)
Measuring point 592/676 (1 times)
Measuring point 593/676 (1 times)
Measuring point 594/676 (1 times)
Measuring point 595/676 (1 times)
Measuring point 596/676 (1 times)
Measuring point 597/676 (1 times)
Measuring point 598/676 (1 times)
Measuring point 599/676 (1 times)
Measuring point 600/676 (1 times)
Measuring point 601/676 (1 times)
Measuring point 602/676 (1 times)
Measuring point 603/676 (1 times)
Measuring point 604/676 (1 times)
Measuring point 605/676 (1 times)
Measuring point 606/676 (1 times)
Measuring point 607/676 (1 times)
Measuring point 608/676 (1 times)
Measuring point 609/676 (1 times)
Measuring point 610/676 (1 times)
Measuring point 611/676 (1 times)
Measuring point 612/676 (1 times)
Measuring point 613/676 (1 times)
Measuring point 614/676 (1 times)
Measuring point 615/676 (1 times)
Measuring point 616/676 (1 times)
Measuring point 617/676 (1 times)
Measuring point 618/676 (1 times)
Measuring point 619/676 (1 times)
Measuring point 620/676 (1 times)
Measuring point 621/676 (1 times)
Measuring point 622/676 (1 times)
Measuring point 623/676 (1 times)
Measuring point 624/676 (1 times)
Measuring point 625/676 (1 times)
Measuring point 626/676 (1 times)
Measuring point 627/676 (1 times)
Measuring point 628/676 (1 times)
Measuring point 629/676 (1 times)
Measuring point 630/676 (1 times)
Measuring point 631/676 (1 times)
Measuring point 632/676 (1 times)
Measuring point 633/676 (1 times)
Measuring point 634/676 (1 times)
Measuring point 635/676 (1 times)
Measuring point 636/676 (1 times)
Measuring point 637/676 (1 times)
Measuring point 638/676 (1 times)
Measuring point 639/676 (1 times)
Measuring point 640/676 (1 times)
Measuring point 641/676 (1 times)
Measuring point 642/676 (1 times)
Measuring point 643/676 (1 times)
Measuring point 644/676 (1 times)
Measuring point 645/676 (1 times)
Measuring point 646/676 (1 times)
Measuring point 647/676 (1 times)
Measuring point 648/676 (1 times)
Measuring point 649/676 (1 times)
Measuring point 650/676 (1 times)
Measuring point 651/676 (1 times)
Measuring point 652/676 (1 times)
Measuring point 653/676 (1 times)
Measuring point 654/676 (1 times)
Measuring point 655/676 (1 times)
Measuring point 656/676 (1 times)
Measuring point 657/676 (1 times)
Measuring point 658/676 (1 times)
Measuring point 659/676 (1 times)
Measuring point 660/676 (1 times)
Measuring point 661/676 (1 times)
Measuring point 662/676 (1 times)
Measuring point 663/676 (1 times)
Measuring point 664/676 (1 times)
Measuring point 665/676 (1 times)
Measuring point 666/676 (1 times)
Measuring point 667/676 (1 times)
Measuring point 668/676 (1 times)
Measuring point 669/676 (1 times)
Measuring point 670/676 (1 times)
Measuring point 671/676 (1 times)
Measuring point 672/676 (1 times)
Measuring point 673/676 (1 times)
Measuring point 674/676 (1 times)
Measuring point 675/676 (1 times)
Measuring point 676/676 (1 times)
Done!
