Manual Bed Calibration Wizard Initiated
Homing Z - Fast
Moving to start Z height
Measuring point 1/81 (1 times)
Measuring point 2/81 (1 times)
Measuring point 3/81 (1 times)
Measuring point 4/81 (1 times)
Measuring point 5/81 (1 times)
Measuring point 6/81 (1 times)
Measuring point 7/81 (1 times)
Measuring point 8/81 (1 times)
Measuring point 9/81 (1 times)
Measuring point 10/81 (1 times)
Measuring point 11/81 (1 times)
Measuring point 12/81 (1 times)
Measuring point 13/81 (1 times)
Measuring point 14/81 (1 times)
Measuring point 15/81 (1 times)
Measuring point 16/81 (1 times)
Measuring point 17/81 (1 times)
Measuring point 18/81 (1 times)
Measuring point 19/81 (1 times)
Measuring point 20/81 (1 times)
Measuring point 21/81 (1 times)
Measuring point 22/81 (1 times)
Measuring point 23/81 (1 times)
Measuring point 24/81 (1 times)
Measuring point 25/81 (1 times)
Measuring point 26/81 (1 times)
Measuring point 27/81 (1 times)
Measuring point 28/81 (1 times)
Measuring point 29/81 (1 times)
Measuring point 30/81 (1 times)
Measuring point 31/81 (1 times)
Measuring point 32/81 (1 times)
Measuring point 33/81 (1 times)
Measuring point 34/81 (1 times)
Measuring point 35/81 (1 times)
Measuring point 36/81 (1 times)
Measuring point 37/81 (1 times)
Measuring point 38/81 (1 times)
Measuring point 39/81 (1 times)
Measuring point 40/81 (1 times)
Measuring point 41/81 (1 times)
Measuring point 42/81 (1 times)
Measuring point 43/81 (1 times)
Measuring point 44/81 (1 times)
Measuring point 45/81 (1 times)
Measuring point 46/81 (1 times)
Measuring point 47/81 (1 times)
Measuring point 48/81 (1 times)
Measuring point 49/81 (1 times)
Measuring point 50/81 (1 times)
Measuring point 51/81 (1 times)
Measuring point 52/81 (1 times)
Measuring point 53/81 (1 times)
Measuring point 54/81 (1 times)
Measuring point 55/81 (1 times)
Measuring point 56/81 (1 times)
Measuring point 57/81 (1 times)
Measuring point 58/81 (1 times)
Measuring point 59/81 (1 times)
Measuring point 60/81 (1 times)
Measuring point 61/81 (1 times)
Measuring point 62/81 (1 times)
Measuring point 63/81 (1 times)
Measuring point 64/81 (1 times)
Measuring point 65/81 (1 times)
Measuring point 66/81 (1 times)
Measuring point 67/81 (1 times)
Measuring point 68/81 (1 times)
Measuring point 69/81 (1 times)
Measuring point 70/81 (1 times)
Measuring point 71/81 (1 times)
Measuring point 72/81 (1 times)
Measuring point 73/81 (1 times)
Measuring point 74/81 (1 times)
Measuring point 75/81 (1 times)
Measuring point 76/81 (1 times)
Measuring point 77/81 (1 times)
Measuring point 78/81 (1 times)
Measuring point 79/81 (1 times)
Measuring point 80/81 (1 times)
Measuring point 81/81 (1 times)
Done!
