Manual Bed Calibration Wizard Initiated
Homing Z - Fast
Moving to start Z height
Measuring point 1/16 (1 times)
Measuring point 2/16 (1 times)
Measuring point 3/16 (1 times)
Measuring point 4/16 (1 times)
Measuring point 5/16 (1 times)
Measuring point 6/16 (1 times)
Measuring point 7/16 (1 times)
Measuring point 8/16 (1 times)
Measuring point 9/16 (1 times)
Measuring point 10/16 (1 times)
Measuring point 11/16 (1 times)
Measuring point 12/16 (1 times)
Measuring point 13/16 (1 times)
Measuring point 14/16 (1 times)
Measuring point 15/16 (1 times)
Measuring point 16/16 (1 times)
Done!
