Manual Bed Calibration Wizard Initiated
Homing Z - Fast
Moving to start Z height
Measuring point 1/25 (1 times)
Measuring point 2/25 (1 times)
Measuring point 3/25 (1 times)
Measuring point 4/25 (1 times)
Measuring point 5/25 (1 times)
Measuring point 6/25 (1 times)
Measuring point 7/25 (1 times)
Measuring point 8/25 (1 times)
Measuring point 9/25 (1 times)
Measuring point 10/25 (1 times)
Measuring point 11/25 (1 times)
Measuring point 12/25 (1 times)
Measuring point 13/25 (1 times)
Measuring point 14/25 (1 times)
Measuring point 15/25 (1 times)
Measuring point 16/25 (1 times)
Measuring point 17/25 (1 times)
Measuring point 18/25 (1 times)
Measuring point 19/25 (1 times)
Measuring point 20/25 (1 times)
Measuring point 21/25 (1 times)
Measuring point 22/25 (1 times)
Measuring point 23/25 (1 times)
Measuring point 24/25 (1 times)
Measuring point 25/25 (1 times)
Done!
